<?xml version="1.0" encoding="UTF-8"?>
<!-- Generated by org.testng.reporters.JUnitXMLReporter -->
<testsuite ignored="0" hostname="DESKTOP-U1KVMHE" failures="1" tests="1" name="EmployeeList" time="4.144" errors="0" timestamp="2023-11-23T15:09:12 IST">
  <testcase classname="com.OHRM_TestNG.Employee_List" name="employeelist" time="0.117">
    <failure type="java.lang.IllegalArgumentException" message="The workbook already contains a sheet named &amp;apos;webtablel&amp;apos;">
      <![CDATA[java.lang.IllegalArgumentException: The workbook already contains a sheet named 'webtablel'
at org.apache.poi.xssf.usermodel.XSSFWorkbook.validateSheetName(XSSFWorkbook.java:870)
at org.apache.poi.xssf.usermodel.XSSFWorkbook.createSheet(XSSFWorkbook.java:827)
at com.OHRM_TestNG.Employee_List.employeelist(Employee_List.java:50)
at java.base/java.util.ArrayList.forEach(ArrayList.java:1511)
... Removed 27 stack frames]]>
    </failure>
  </testcase> <!-- employeelist -->
</testsuite> <!-- EmployeeList -->
