<?xml version="1.0" encoding="UTF-8"?>
<testng-results ignored="0" total="1" passed="1" failed="0" skipped="0">
  <reporter-output>
  </reporter-output>
  <suite started-at="2023-11-23T17:33:27 IST" name="Default suite" finished-at="2023-11-23T17:33:36 IST" duration-ms="8667">
    <groups>
    </groups>
    <test started-at="2023-11-23T17:33:27 IST" name="Default test" finished-at="2023-11-23T17:33:36 IST" duration-ms="8667">
      <class name="com.Autoit.AutomationTesting">
        <test-method signature="Automation()[pri:0, instance:com.Autoit.AutomationTesting@73ee04c8]" started-at="2023-11-23T17:33:27 IST" name="Automation" finished-at="2023-11-23T17:33:36 IST" duration-ms="8599" status="PASS">
          <reporter-output>
          </reporter-output>
        </test-method> <!-- Automation -->
      </class> <!-- com.Autoit.AutomationTesting -->
    </test> <!-- Default test -->
  </suite> <!-- Default suite -->
</testng-results>
